#
# A fatal error has been detected by the Java Runtime Environment:
#
#  EXCEPTION_ACCESS_VIOLATION (0xc0000005) at pc=0x00007ffe87ff26c4, pid=11996, tid=10832
#
# JRE version: OpenJDK Runtime Environment (24.0.1+9) (build 24.0.1+9-30)
# Java VM: OpenJDK 64-Bit Server VM (24.0.1+9-30, mixed mode, emulated-client, sharing, tiered, compressed oops, compressed class ptrs, g1 gc, windows-amd64)
# Problematic frame:
# C  [libasyncProfiler.dll+0x926c4]
#
# No core dump will be written. Minidumps are not enabled by default on client versions of Windows
#
# JFR recording file will be written. Location: C:\Users\User\Desktop\NexTrip\hs_err_pid11996.jfr
#
# If you would like to submit a bug report, please visit:
#   https://bugreport.java.com/bugreport/crash.jsp
# The crash happened outside the Java Virtual Machine in native code.
# See problematic frame for where to report the bug.
#

---------------  S U M M A R Y ------------

Command Line: -XX:TieredStopAtLevel=1 -Dspring.output.ansi.enabled=always -Dcom.sun.management.jmxremote -Dspring.jmx.enabled=true -Dspring.liveBeansView.mbeanDomain -Dspring.application.admin.enabled=true -Dmanagement.endpoints.jmx.exposure.include=* -javaagent:C:\Program Files\JetBrains\IntelliJ IDEA 2025.1.1.1\lib\idea_rt.jar=53570 -agentpath:C:\Users\User\AppData\Local\Temp\idea_libasyncProfiler_dll_temp_folder11\libasyncProfiler.dll=start,jfr,event=wall,interval=10ms,jfrsync=profile,cstack=no,file=C:\Users\User\IdeaSnapshots\DemoApplication_2025_12_22_184637.jfr,dbghelppath=C:\Users\User\AppData\Local\Temp\idea_dbghelp_dll_temp_folder1\dbghelp.dll,log=C:\Users\User\AppData\Local\Temp\DemoApplication_2025_12_22_184637.jfr.log.txt,logLevel=DEBUG -Dfile.encoding=UTF-8 -Dsun.stdout.encoding=UTF-8 -Dsun.stderr.encoding=UTF-8 com.example.demo.DemoApplication

Host: Intel(R) Core(TM) i7-8850H CPU @ 2.60GHz, 12 cores, 15G,  Windows 10 , 64 bit Build 19041 (10.0.19041.5915)
Time: Mon Dec 22 18:46:38 2025 Romance Standard Time elapsed time: 0.653395 seconds (0d 0h 0m 0s)

---------------  T H R E A D  ---------------

Current thread (0x0000022de1ace4c0):  JavaThread "main"             [_thread_in_native, id=10832, stack(0x0000005847f00000,0x0000005848000000) (1024K)]

Stack: [0x0000005847f00000,0x0000005848000000],  sp=0x0000005847ffe6d0,  free space=1017k
Native frames: (J=compiled Java code, j=interpreted, Vv=VM code, C=native code)
C  [libasyncProfiler.dll+0x926c4]  (no source info available)
C  [libasyncProfiler.dll+0x92b9b]  (no source info available)
C  [libasyncProfiler.dll+0x917f4]  (no source info available)
C  [libasyncProfiler.dll+0x9206a]  (no source info available)
C  [libasyncProfiler.dll+0x8cc21]  (no source info available)
C  [libasyncProfiler.dll+0x7e5e1]  (no source info available)
C  [libasyncProfiler.dll+0x7d2f8]  (no source info available)
C  [libasyncProfiler.dll+0x7d1e0]  (no source info available)
C  [libasyncProfiler.dll+0x832fc]  (no source info available)
V  [jvm.dll+0x5e38de]  (no source info available)
V  [jvm.dll+0x886056]  (no source info available)
V  [jvm.dll+0x495f3e]  (no source info available)
V  [jvm.dll+0x497d11]  (no source info available)
C  [jli.dll+0x52a1]  (no source info available)
C  [ucrtbase.dll+0x21bb2]  (no source info available)
C  [KERNEL32.DLL+0x17374]  (no source info available)
C  [ntdll.dll+0x4cc91]  (no source info available)


siginfo: EXCEPTION_ACCESS_VIOLATION (0xc0000005), reading address 0xffffffffffffffff


Registers:
RAX=0x0000000000000010, RBX=0x0000000000000000, RCX=0xffffffffffffffff, RDX=0x007ffe0612300010
RSP=0x0000005847ffe6d0, RBP=0x0000022dc1649b58, RSI=0x0000005847ffe840, RDI=0x0000022dc1649b58
R8 =0x0000000000000042, R9 =0x0000000712a01ed8, R10=0x00007ffe06399fb0, R11=0x0000000000000002
R12=0x0000005847ffe840, R13=0x0000022de3dafbe0, R14=0x0000022de1ace888, R15=0x0000022de1ace888
RIP=0x00007ffe87ff26c4, EFLAGS=0x0000000000010202

XMM[0]=0x0000000000000000 0x0000000000000000
XMM[1]=0x0000000000000000 0x0000000000000000
XMM[2]=0x0000000000000000 0x0000000000000000
XMM[3]=0x0000000000000000 0x0000000000000000
XMM[4]=0x0000000000000000 0x0000000000000000
XMM[5]=0x0000000000000000 0x0000000000000000
XMM[6]=0x0000000000000000 0x0000000000000000
XMM[7]=0x0000000000000000 0x0000000000000000
XMM[8]=0x0000000000000000 0x0000000000000000
XMM[9]=0x0000000000000000 0x0000000000000000
XMM[10]=0x0000000000000000 0x0000000000000000
XMM[11]=0x0000000000000000 0x0000000000000000
XMM[12]=0x0000000000000000 0x0000000000000000
XMM[13]=0x0000000000000000 0x0000000000000000
XMM[14]=0x0000000000000000 0x0000000000000000
XMM[15]=0x0000000000000000 0x0000000000000000
  MXCSR=0x00001fa0


Register to memory mapping:

RAX=0x0000000000000010 is an unknown value
RBX=0x0 is null
RCX=0xffffffffffffffff is an unknown value
RDX=0x007ffe0612300010 is an unknown value
RSP=0x0000005847ffe6d0 is pointing into the stack for thread: 0x0000022de1ace4c0
RBP=0x0000022dc1649b58 points into unknown readable memory: 0x0000000712a01ed8 | d8 1e a0 12 07 00 00 00
RSI=0x0000005847ffe840 is pointing into the stack for thread: 0x0000022de1ace4c0
RDI=0x0000022dc1649b58 points into unknown readable memory: 0x0000000712a01ed8 | d8 1e a0 12 07 00 00 00
R8 =0x0000000000000042 is an unknown value
R9 =0x0000000712a01ed8 is an oop: java.lang.Thread 
{0x0000000712a01ed8} - klass: 'java/lang/Thread' - flags: 

 - ---- fields (total size 14 words):
 - 'threadLocalRandomProbe' 'I' @12  0 (0x00000000)
 - private volatile 'eetop' 'J' @16  2396082988224 (0x0000022de1ace4c0)
 - private final 'tid' 'J' @24  3 (0x0000000000000003)
 - 'threadLocalRandomSeed' 'J' @32  0 (0x0000000000000000)
 - injected 'jvmti_thread_state' 'J' @40  2395536325232 (0x0000022dc1177a70)
 - 'threadLocalRandomSecondarySeed' 'I' @48  0 (0x00000000)
 - injected 'jvmti_VTMS_transition_disable_count' 'I' @52  0 (0x00000000)
 - injected 'jfr_epoch' 'S' @56  0 (0x0000)
 - volatile 'interrupted' 'Z' @58  false (0x00)
 - injected 'jvmti_is_in_VTMS_transition' 'Z' @59  false (0x00)
 - private volatile 'name' 'Ljava/lang/String;' @60  "main"{0x0000000712a01f48} (0xe25403e9)
 - private volatile 'contextClassLoader' 'Ljava/lang/ClassLoader;' @64  a 'jdk/internal/loader/ClassLoaders$AppClassLoader'{0x0000000712a3a328} (0xe2547465)
 - private final 'holder' 'Ljava/lang/Thread$FieldHolder;' @68  a 'java/lang/Thread$FieldHolder'{0x0000000712a01f88} (0xe25403f1)
 - 'threadLocals' 'Ljava/lang/ThreadLocal$ThreadLocalMap;' @72  a 'java/lang/ThreadLocal$ThreadLocalMap'{0x0000000712957670} (0xe252aece)
 - 'inheritableThreadLocals' 'Ljava/lang/ThreadLocal$ThreadLocalMap;' @76  null (0x00000000)
 - private 'scopedValueBindings' 'Ljava/lang/Object;' @80  a 'java/lang/Class'{0x00000007ffe7c258} = 'java/lang/Thread' (0xfffcf84b)
 - final 'interruptLock' 'Ljava/lang/Object;' @84  a 'java/lang/Object'{0x0000000712a01f78} (0xe25403ef)
 - private volatile 'parkBlocker' 'Ljava/lang/Object;' @88  null (0x00000000)
 - private 'nioBlocker' 'Lsun/nio/ch/Interruptible;' @92  null (0x00000000)
 - private 'cont' 'Ljdk/internal/vm/Continuation;' @96  null (0x00000000)
 - private volatile 'uncaughtExceptionHandler' 'Ljava/lang/Thread$UncaughtExceptionHandler;' @100  null (0x00000000)
 - private 'container' 'Ljdk/internal/vm/ThreadContainer;' @104  null (0x00000000)
 - private volatile 'headStackableScopes' 'Ljdk/internal/vm/StackableScope;' @108  null (0x00000000)
R10=0x00007ffe06399fb0 jvm.dll
R11=0x0000000000000002 is an unknown value
R12=0x0000005847ffe840 is pointing into the stack for thread: 0x0000022de1ace4c0
R13=0x0000022de3dafbe0 points into unknown readable memory: 0x00007ffe0630a510 | 10 a5 30 06 fe 7f 00 00
R14=0x0000022de1ace888 points into unknown readable memory: 0x00007ffe063017b0 | b0 17 30 06 fe 7f 00 00
R15=0x0000022de1ace888 points into unknown readable memory: 0x00007ffe063017b0 | b0 17 30 06 fe 7f 00 00

Top of Stack: (sp=0x0000005847ffe6d0)
0x0000005847ffe6d0:   0000005847ffe840 0000022dc1649b58   @..GX...X.d.-...
0x0000005847ffe6e0:   0000000000000000 0000022de392cbb0   ............-...
0x0000005847ffe6f0:   000000000000001b 00007ffe87ff2b9b   .........+......
0x0000005847ffe700:   0000000000000000 0000022de1ace888   ............-...
0x0000005847ffe710:   0000005847ffe801 0000000000000000   ...GX...........
0x0000005847ffe720:   0000022dc7618ab0 00007ffe87ff17f4   ..a.-...........
0x0000005847ffe730:   0000000000000000 000000000000001b   ................
0x0000005847ffe740:   0000000000000000 000000000000001b   ................
0x0000005847ffe750:   0000000d00000000 0000022dc768cd40   ........@.h.-...
0x0000005847ffe760:   0000022dc7618ab0 0000022dc7618b1c   ..a.-.....a.-...
0x0000005847ffe770:   0000022dc7618b20 0000005800000d2c    .a.-...,...X...
0x0000005847ffe780:   0000000000000000 0000000000000000   ................
0x0000005847ffe790:   0000000000000000 00007ffe05b657d4   .........W......
0x0000005847ffe7a0:   00007ffe88134ca0 0000000000002edc   .L..............
0x0000005847ffe7b0:   00007ffe88134ca0 00000000ffffffff   .L..............
0x0000005847ffe7c0:   0000000000000000 00007ffe87ff206a   ........j ......
0x0000005847ffe7d0:   0000022de1ace888 0000000000000000   ....-...........
0x0000005847ffe7e0:   0000005847ffe849 0000022de3dafbe0   I..GX.......-...
0x0000005847ffe7f0:   0000022dc1e5c040 0000000000000000   @...-...........
0x0000005847ffe800:   0000022de1ba0000 00007ffe880df108   ....-...........
0x0000005847ffe810:   0000022de1ace888 00007ffe88134ca0   ....-....L......
0x0000005847ffe820:   0000000000100000 0000000000001000   ................
0x0000005847ffe830:   0000005847ffe9d8 0000022de1ace888   ...GX.......-...
0x0000005847ffe840:   0000022dc771e0e0 0000022dc771e440   ..q.-...@.q.-...
0x0000005847ffe850:   0000022dc771e440 00007ffe88134ca0   @.q.-....L......
0x0000005847ffe860:   0000005847ffe9d8 0000022de19d0000   ...GX.......-...
0x0000005847ffe870:   0000005847ffeb10 0000000000008840   ...GX...@.......
0x0000005847ffe880:   00007ffe88127080 00007ffe88134cf0   .p.......L......
0x0000005847ffe890:   0000000000989680 0000000000989680   ................
0x0000005847ffe8a0:   0000005847ffe9b0 00007ffe87fecc21   ...GX...!.......
0x0000005847ffe8b0:   00007ffe88134ca0 00007ffe88134cf8   .L.......L......
0x0000005847ffe8c0:   00007ffe00000000 00007ffe00000001   ................

Instructions: (pc=0x00007ffe87ff26c4)
  0x00007ffe87ff25c4:   cc cc cc cc cc cc cc cc cc cc cc cc cc cc cc cc
  0x00007ffe87ff25d4:   cc cc cc cc cc cc cc cc cc cc cc cc cc cc cc cc
  0x00007ffe87ff25e4:   cc cc cc cc cc cc cc cc cc cc cc cc cc cc cc cc
  0x00007ffe87ff25f4:   cc cc cc cc cc cc cc cc cc cc cc cc cc cc cc cc
  0x00007ffe87ff2604:   cc cc cc cc cc cc cc cc cc cc cc cc cc cc cc cc
  0x00007ffe87ff2614:   cc cc cc cc cc cc cc cc cc cc cc cc cc cc cc cc
  0x00007ffe87ff2624:   cc cc cc cc cc cc cc cc cc cc cc cc cc cc cc cc
  0x00007ffe87ff2634:   cc cc cc cc cc cc cc cc cc cc cc cc cc cc cc cc
  0x00007ffe87ff2644:   cc cc cc cc cc cc cc cc cc cc cc cc 40 57 48 83
  0x00007ffe87ff2654:   ec 20 48 8b f9 48 8b 0d 10 28 14 00 48 85 c9 74
  0x00007ffe87ff2664:   20 48 8b 01 48 8d 54 24 38 41 b8 06 00 01 00 4c
  0x00007ffe87ff2674:   8b 48 30 41 ff d1 85 c0 75 07 48 8b 4c 24 38 eb
  0x00007ffe87ff2684:   02 33 c9 4c 8b 05 ea 28 14 00 48 89 5c 24 30 4d
  0x00007ffe87ff2694:   85 c0 74 4a 48 8b 01 48 8b d7 4c 8b 88 28 03 00
  0x00007ffe87ff26a4:   00 41 ff d1 48 85 c0 74 35 48 63 0d f8 e6 13 00
  0x00007ffe87ff26b4:   48 8b 14 01 48 85 d2 74 15 48 63 05 fc e6 13 00
=>0x00007ffe87ff26c4:   8b 04 10 48 8b 5c 24 30 48 83 c4 20 5f c3 b8 ff
  0x00007ffe87ff26d4:   ff ff ff 48 8b 5c 24 30 48 83 c4 20 5f c3 80 3d
  0x00007ffe87ff26e4:   9b 27 14 00 00 bb ff ff ff ff 74 20 4c 8b 0d 31
  0x00007ffe87ff26f4:   24 14 00 4c 8d 44 24 38 48 8b 0d 15 24 14 00 48
  0x00007ffe87ff2704:   8b d7 41 ff d1 85 c0 0f 44 5c 24 38 8b c3 48 8b
  0x00007ffe87ff2714:   5c 24 30 48 83 c4 20 5f c3 cc cc cc cc cc cc cc
  0x00007ffe87ff2724:   cc cc cc cc cc cc cc cc cc cc cc cc cc cc cc cc
  0x00007ffe87ff2734:   cc cc cc cc cc cc cc cc cc cc cc cc cc cc cc cc
  0x00007ffe87ff2744:   cc cc cc cc cc cc cc cc cc cc cc cc 48 89 54 24
  0x00007ffe87ff2754:   10 53 55 56 57 41 56 41 57 48 83 ec 28 48 8b f2
  0x00007ffe87ff2764:   4c 8b f1 48 89 4c 24 78 45 33 ff 44 89 7c 24 68
  0x00007ffe87ff2774:   c7 44 24 60 01 00 00 00 48 8d 4c 24 68 e8 ed 42
  0x00007ffe87ff2784:   f7 ff 8b d8 48 8d 4c 24 60 e8 e1 42 f7 ff 8b e8
  0x00007ffe87ff2794:   49 8b ce e8 00 fc f6 ff 48 8b f8 90 8b c3 f0 0f
  0x00007ffe87ff27a4:   b1 2f 74 04 f3 90 eb f4 4c 89 3e 4c 89 7e 08 4c
  0x00007ffe87ff27b4:   89 7e 10 49 8b 6e 08 4d 8b 76 10 49 3b ee 0f 84


Stack slot to memory mapping:

stack at sp + 0 slots: 0x0000005847ffe840 is pointing into the stack for thread: 0x0000022de1ace4c0
stack at sp + 1 slots: 0x0000022dc1649b58 points into unknown readable memory: 0x0000000712a01ed8 | d8 1e a0 12 07 00 00 00
stack at sp + 2 slots: 0x0 is null
stack at sp + 3 slots: 0x0000022de392cbb0 points into unknown readable memory: 0x6e616c2e6176616a | 6a 61 76 61 2e 6c 61 6e
stack at sp + 4 slots: 0x000000000000001b is an unknown value
stack at sp + 5 slots: 0x00007ffe87ff2b9b libasyncProfiler.dll
stack at sp + 6 slots: 0x0 is null
stack at sp + 7 slots: 0x0000022de1ace888 points into unknown readable memory: 0x00007ffe063017b0 | b0 17 30 06 fe 7f 00 00

Lock stack of current Java thread (top to bottom):


---------------  P R O C E S S  ---------------

Threads class SMR info:
_java_thread_list=0x0000022dc768ac70, length=19, elements={
0x0000022de1ace4c0, 0x0000022de3abd720, 0x0000022de3abe220, 0x0000022de3ac5fe0,
0x0000022de3ac6b10, 0x0000022de3acb650, 0x0000022de3acc400, 0x0000022dc111df80,
0x0000022dc11d9770, 0x0000022dc11dc640, 0x0000022dc12a8c10, 0x0000022dc1642980,
0x0000022dc632c2f0, 0x0000022dc75101c0, 0x0000022dc762ec90, 0x0000022dc7675480,
0x0000022dc7685530, 0x0000022dc7695740, 0x0000022dc7698150
}

Java Threads: ( => current thread )
=>0x0000022de1ace4c0 JavaThread "main"                              [_thread_in_native, id=10832, stack(0x0000005847f00000,0x0000005848000000) (1024K)]
  0x0000022de3abd720 JavaThread "Reference Handler"          daemon [_thread_blocked, id=10536, stack(0x0000005848700000,0x0000005848800000) (1024K)]
  0x0000022de3abe220 JavaThread "Finalizer"                  daemon [_thread_blocked, id=22168, stack(0x0000005848800000,0x0000005848900000) (1024K)]
  0x0000022de3ac5fe0 JavaThread "Signal Dispatcher"          daemon [_thread_blocked, id=8700, stack(0x0000005848900000,0x0000005848a00000) (1024K)]
  0x0000022de3ac6b10 JavaThread "Attach Listener"            daemon [_thread_blocked, id=23620, stack(0x0000005848a00000,0x0000005848b00000) (1024K)]
  0x0000022de3acb650 JavaThread "Service Thread"             daemon [_thread_blocked, id=23856, stack(0x0000005848b00000,0x0000005848c00000) (1024K)]
  0x0000022de3acc400 JavaThread "Monitor Deflation Thread"   daemon [_thread_blocked, id=26228, stack(0x0000005848c00000,0x0000005848d00000) (1024K)]
  0x0000022dc111df80 JavaThread "C1 CompilerThread0"         daemon [_thread_blocked, id=10984, stack(0x0000005848d00000,0x0000005848e00000) (1024K)]
  0x0000022dc11d9770 JavaThread "C1 CompilerThread1"         daemon [_thread_blocked, id=8464, stack(0x0000005848e00000,0x0000005848f00000) (1024K)]
  0x0000022dc11dc640 JavaThread "C1 CompilerThread2"         daemon [_thread_blocked, id=13668, stack(0x0000005848f00000,0x0000005849000000) (1024K)]
  0x0000022dc12a8c10 JavaThread "Common-Cleaner"             daemon [_thread_blocked, id=1104, stack(0x0000005849000000,0x0000005849100000) (1024K)]
  0x0000022dc1642980 JavaThread "Monitor Ctrl-Break"         daemon [_thread_in_native, id=19088, stack(0x0000005849100000,0x0000005849200000) (1024K)]
  0x0000022dc632c2f0 JavaThread "C1 CompilerThread3"         daemon [_thread_blocked, id=7576, stack(0x0000005849200000,0x0000005849300000) (1024K)]
  0x0000022dc75101c0 JavaThread "JFR Recorder Thread"        daemon [_thread_in_native, id=13696, stack(0x0000005849300000,0x0000005849400000) (1024K)]
  0x0000022dc762ec90 JavaThread "JFR Periodic Tasks"         daemon [_thread_blocked, id=24888, stack(0x0000005849400000,0x0000005849500000) (1024K)]
  0x0000022dc7675480 JavaThread "RMI TCP Accept-0"           daemon [_thread_in_native, id=3372, stack(0x0000005849500000,0x0000005849600000) (1024K)]
  0x0000022dc7685530 JavaThread "RMI TCP Connection(1)-192.168.56.1" daemon [_thread_in_native, id=6680, stack(0x0000005849600000,0x0000005849700000) (1024K)]
  0x0000022dc7695740 JavaThread "RMI Scheduler(0)"           daemon [_thread_blocked, id=10628, stack(0x0000005849700000,0x0000005849800000) (1024K)]
  0x0000022dc7698150 JavaThread "JMX server connection timeout 33" daemon [_thread_blocked, id=24620, stack(0x0000005849800000,0x0000005849900000) (1024K)]
Total: 19

Other Threads:
  0x0000022de3aae190 VMThread "VM Thread"                           [id=24516, stack(0x0000005848600000,0x0000005848700000) (1024K)]
  0x0000022de3a973a0 WatcherThread "VM Periodic Task Thread"        [id=6348, stack(0x0000005848500000,0x0000005848600000) (1024K)]
  0x0000022de3995170 WorkerThread "GC Thread#0"                     [id=16716, stack(0x0000005848000000,0x0000005848100000) (1024K)]
  0x0000022de39ab0d0 ConcurrentGCThread "G1 Main Marker"            [id=16864, stack(0x0000005848100000,0x0000005848200000) (1024K)]
  0x0000022de39ac660 WorkerThread "G1 Conc#0"                       [id=22556, stack(0x0000005848200000,0x0000005848300000) (1024K)]
  0x0000022de3a74890 ConcurrentGCThread "G1 Refine#0"               [id=9740, stack(0x0000005848300000,0x0000005848400000) (1024K)]
  0x0000022de3a75320 ConcurrentGCThread "G1 Service"                [id=26004, stack(0x0000005848400000,0x0000005848500000) (1024K)]
Total: 7

Threads with active compile tasks:
Total: 0

VM state: not at safepoint (normal execution)

VM Mutex/Monitor currently owned by a thread: None

Heap address: 0x0000000702e00000, size: 4050 MB, Compressed Oops mode: Zero based, Oop shift amount: 3

CDS archive(s) mapped at: [0x0000022d80000000-0x0000022d80d40000-0x0000022d80d40000), size 13893632, SharedBaseAddress: 0x0000022d80000000, ArchiveRelocationMode: 1.
Compressed class space mapped at: 0x0000022d81000000-0x0000022dc1000000, reserved size: 1073741824
UseCompressedClassPointers 1, UseCompactObjectHeaders 0
Narrow klass pointer bits 32, Max shift 3
Narrow klass base: 0x0000022d80000000, Narrow klass shift: 0
Encoding Range: [0x0000022d80000000 - 0x0000022e80000000), (4294967296 bytes)
Klass Range:    [0x0000022d80000000 - 0x0000022dc1000000), (1090519040 bytes)
Klass ID Range:  [8 - 1090519033) (1090519025)

GC Precious Log:
 CardTable entry size: 512
 Card Set container configuration: InlinePtr #cards 4 size 8 Array Of Cards #cards 16 size 48 Howl #buckets 8 coarsen threshold 3686 Howl Bitmap #cards 512 size 80 coarsen threshold 460 Card regions per heap region 1 cards per card region 4096
 CPUs: 12 total, 12 available
 Memory: 16197M
 Large Page Support: Disabled
 NUMA Support: Disabled
 Compressed Oops: Enabled (Zero based)
 Heap Region Size: 2M
 Heap Min Capacity: 8M
 Heap Initial Capacity: 254M
 Heap Max Capacity: 4050M
 Pre-touch: Disabled
 Parallel Workers: 10
 Concurrent Workers: 3
 Concurrent Refinement Workers: 10
 Periodic GC: Disabled

Heap:
 garbage-first heap   total reserved 4147200K, committed 262144K, used 38000K [0x0000000702e00000, 0x0000000800000000)
  region size 2048K, 19 young (38912K), 0 survivors (0K)
 Metaspace       used 6521K, committed 6720K, reserved 1114112K
  class space    used 712K, committed 832K, reserved 1048576K

Heap Regions: E=young(eden), S=young(survivor), O=old, HS=humongous(starts), HC=humongous(continues), CS=collection set, F=free, TAMS=top-at-mark-start, PB=parsable bottom
|   0|0x0000000702e00000, 0x0000000702e00000, 0x0000000703000000|  0%| F|  |TAMS 0x0000000702e00000| PB 0x0000000702e00000| Untracked |  0
|   1|0x0000000703000000, 0x0000000703000000, 0x0000000703200000|  0%| F|  |TAMS 0x0000000703000000| PB 0x0000000703000000| Untracked |  0
|   2|0x0000000703200000, 0x0000000703200000, 0x0000000703400000|  0%| F|  |TAMS 0x0000000703200000| PB 0x0000000703200000| Untracked |  0
|   3|0x0000000703400000, 0x0000000703400000, 0x0000000703600000|  0%| F|  |TAMS 0x0000000703400000| PB 0x0000000703400000| Untracked |  0
|   4|0x0000000703600000, 0x0000000703600000, 0x0000000703800000|  0%| F|  |TAMS 0x0000000703600000| PB 0x0000000703600000| Untracked |  0
|   5|0x0000000703800000, 0x0000000703800000, 0x0000000703a00000|  0%| F|  |TAMS 0x0000000703800000| PB 0x0000000703800000| Untracked |  0
|   6|0x0000000703a00000, 0x0000000703a00000, 0x0000000703c00000|  0%| F|  |TAMS 0x0000000703a00000| PB 0x0000000703a00000| Untracked |  0
|   7|0x0000000703c00000, 0x0000000703c00000, 0x0000000703e00000|  0%| F|  |TAMS 0x0000000703c00000| PB 0x0000000703c00000| Untracked |  0
|   8|0x0000000703e00000, 0x0000000703e00000, 0x0000000704000000|  0%| F|  |TAMS 0x0000000703e00000| PB 0x0000000703e00000| Untracked |  0
|   9|0x0000000704000000, 0x0000000704000000, 0x0000000704200000|  0%| F|  |TAMS 0x0000000704000000| PB 0x0000000704000000| Untracked |  0
|  10|0x0000000704200000, 0x0000000704200000, 0x0000000704400000|  0%| F|  |TAMS 0x0000000704200000| PB 0x0000000704200000| Untracked |  0
|  11|0x0000000704400000, 0x0000000704400000, 0x0000000704600000|  0%| F|  |TAMS 0x0000000704400000| PB 0x0000000704400000| Untracked |  0
|  12|0x0000000704600000, 0x0000000704600000, 0x0000000704800000|  0%| F|  |TAMS 0x0000000704600000| PB 0x0000000704600000| Untracked |  0
|  13|0x0000000704800000, 0x0000000704800000, 0x0000000704a00000|  0%| F|  |TAMS 0x0000000704800000| PB 0x0000000704800000| Untracked |  0
|  14|0x0000000704a00000, 0x0000000704a00000, 0x0000000704c00000|  0%| F|  |TAMS 0x0000000704a00000| PB 0x0000000704a00000| Untracked |  0
|  15|0x0000000704c00000, 0x0000000704c00000, 0x0000000704e00000|  0%| F|  |TAMS 0x0000000704c00000| PB 0x0000000704c00000| Untracked |  0
|  16|0x0000000704e00000, 0x0000000704e00000, 0x0000000705000000|  0%| F|  |TAMS 0x0000000704e00000| PB 0x0000000704e00000| Untracked |  0
|  17|0x0000000705000000, 0x0000000705000000, 0x0000000705200000|  0%| F|  |TAMS 0x0000000705000000| PB 0x0000000705000000| Untracked |  0
|  18|0x0000000705200000, 0x0000000705200000, 0x0000000705400000|  0%| F|  |TAMS 0x0000000705200000| PB 0x0000000705200000| Untracked |  0
|  19|0x0000000705400000, 0x0000000705400000, 0x0000000705600000|  0%| F|  |TAMS 0x0000000705400000| PB 0x0000000705400000| Untracked |  0
|  20|0x0000000705600000, 0x0000000705600000, 0x0000000705800000|  0%| F|  |TAMS 0x0000000705600000| PB 0x0000000705600000| Untracked |  0
|  21|0x0000000705800000, 0x0000000705800000, 0x0000000705a00000|  0%| F|  |TAMS 0x0000000705800000| PB 0x0000000705800000| Untracked |  0
|  22|0x0000000705a00000, 0x0000000705a00000, 0x0000000705c00000|  0%| F|  |TAMS 0x0000000705a00000| PB 0x0000000705a00000| Untracked |  0
|  23|0x0000000705c00000, 0x0000000705c00000, 0x0000000705e00000|  0%| F|  |TAMS 0x0000000705c00000| PB 0x0000000705c00000| Untracked |  0
|  24|0x0000000705e00000, 0x0000000705e00000, 0x0000000706000000|  0%| F|  |TAMS 0x0000000705e00000| PB 0x0000000705e00000| Untracked |  0
|  25|0x0000000706000000, 0x0000000706000000, 0x0000000706200000|  0%| F|  |TAMS 0x0000000706000000| PB 0x0000000706000000| Untracked |  0
|  26|0x0000000706200000, 0x0000000706200000, 0x0000000706400000|  0%| F|  |TAMS 0x0000000706200000| PB 0x0000000706200000| Untracked |  0
|  27|0x0000000706400000, 0x0000000706400000, 0x0000000706600000|  0%| F|  |TAMS 0x0000000706400000| PB 0x0000000706400000| Untracked |  0
|  28|0x0000000706600000, 0x0000000706600000, 0x0000000706800000|  0%| F|  |TAMS 0x0000000706600000| PB 0x0000000706600000| Untracked |  0
|  29|0x0000000706800000, 0x0000000706800000, 0x0000000706a00000|  0%| F|  |TAMS 0x0000000706800000| PB 0x0000000706800000| Untracked |  0
|  30|0x0000000706a00000, 0x0000000706a00000, 0x0000000706c00000|  0%| F|  |TAMS 0x0000000706a00000| PB 0x0000000706a00000| Untracked |  0
|  31|0x0000000706c00000, 0x0000000706c00000, 0x0000000706e00000|  0%| F|  |TAMS 0x0000000706c00000| PB 0x0000000706c00000| Untracked |  0
|  32|0x0000000706e00000, 0x0000000706e00000, 0x0000000707000000|  0%| F|  |TAMS 0x0000000706e00000| PB 0x0000000706e00000| Untracked |  0
|  33|0x0000000707000000, 0x0000000707000000, 0x0000000707200000|  0%| F|  |TAMS 0x0000000707000000| PB 0x0000000707000000| Untracked |  0
|  34|0x0000000707200000, 0x0000000707200000, 0x0000000707400000|  0%| F|  |TAMS 0x0000000707200000| PB 0x0000000707200000| Untracked |  0
|  35|0x0000000707400000, 0x0000000707400000, 0x0000000707600000|  0%| F|  |TAMS 0x0000000707400000| PB 0x0000000707400000| Untracked |  0
|  36|0x0000000707600000, 0x0000000707600000, 0x0000000707800000|  0%| F|  |TAMS 0x0000000707600000| PB 0x0000000707600000| Untracked |  0
|  37|0x0000000707800000, 0x0000000707800000, 0x0000000707a00000|  0%| F|  |TAMS 0x0000000707800000| PB 0x0000000707800000| Untracked |  0
|  38|0x0000000707a00000, 0x0000000707a00000, 0x0000000707c00000|  0%| F|  |TAMS 0x0000000707a00000| PB 0x0000000707a00000| Untracked |  0
|  39|0x0000000707c00000, 0x0000000707c00000, 0x0000000707e00000|  0%| F|  |TAMS 0x0000000707c00000| PB 0x0000000707c00000| Untracked |  0
|  40|0x0000000707e00000, 0x0000000707e00000, 0x0000000708000000|  0%| F|  |TAMS 0x0000000707e00000| PB 0x0000000707e00000| Untracked |  0
|  41|0x0000000708000000, 0x0000000708000000, 0x0000000708200000|  0%| F|  |TAMS 0x0000000708000000| PB 0x0000000708000000| Untracked |  0
|  42|0x0000000708200000, 0x0000000708200000, 0x0000000708400000|  0%| F|  |TAMS 0x0000000708200000| PB 0x0000000708200000| Untracked |  0
|  43|0x0000000708400000, 0x0000000708400000, 0x0000000708600000|  0%| F|  |TAMS 0x0000000708400000| PB 0x0000000708400000| Untracked |  0
|  44|0x0000000708600000, 0x0000000708600000, 0x0000000708800000|  0%| F|  |TAMS 0x0000000708600000| PB 0x0000000708600000| Untracked |  0
|  45|0x0000000708800000, 0x0000000708800000, 0x0000000708a00000|  0%| F|  |TAMS 0x0000000708800000| PB 0x0000000708800000| Untracked |  0
|  46|0x0000000708a00000, 0x0000000708a00000, 0x0000000708c00000|  0%| F|  |TAMS 0x0000000708a00000| PB 0x0000000708a00000| Untracked |  0
|  47|0x0000000708c00000, 0x0000000708c00000, 0x0000000708e00000|  0%| F|  |TAMS 0x0000000708c00000| PB 0x0000000708c00000| Untracked |  0
|  48|0x0000000708e00000, 0x0000000708e00000, 0x0000000709000000|  0%| F|  |TAMS 0x0000000708e00000| PB 0x0000000708e00000| Untracked |  0
|  49|0x0000000709000000, 0x0000000709000000, 0x0000000709200000|  0%| F|  |TAMS 0x0000000709000000| PB 0x0000000709000000| Untracked |  0
|  50|0x0000000709200000, 0x0000000709200000, 0x0000000709400000|  0%| F|  |TAMS 0x0000000709200000| PB 0x0000000709200000| Untracked |  0
|  51|0x0000000709400000, 0x0000000709400000, 0x0000000709600000|  0%| F|  |TAMS 0x0000000709400000| PB 0x0000000709400000| Untracked |  0
|  52|0x0000000709600000, 0x0000000709600000, 0x0000000709800000|  0%| F|  |TAMS 0x0000000709600000| PB 0x0000000709600000| Untracked |  0
|  53|0x0000000709800000, 0x0000000709800000, 0x0000000709a00000|  0%| F|  |TAMS 0x0000000709800000| PB 0x0000000709800000| Untracked |  0
|  54|0x0000000709a00000, 0x0000000709a00000, 0x0000000709c00000|  0%| F|  |TAMS 0x0000000709a00000| PB 0x0000000709a00000| Untracked |  0
|  55|0x0000000709c00000, 0x0000000709c00000, 0x0000000709e00000|  0%| F|  |TAMS 0x0000000709c00000| PB 0x0000000709c00000| Untracked |  0
|  56|0x0000000709e00000, 0x0000000709e00000, 0x000000070a000000|  0%| F|  |TAMS 0x0000000709e00000| PB 0x0000000709e00000| Untracked |  0
|  57|0x000000070a000000, 0x000000070a000000, 0x000000070a200000|  0%| F|  |TAMS 0x000000070a000000| PB 0x000000070a000000| Untracked |  0
|  58|0x000000070a200000, 0x000000070a200000, 0x000000070a400000|  0%| F|  |TAMS 0x000000070a200000| PB 0x000000070a200000| Untracked |  0
|  59|0x000000070a400000, 0x000000070a400000, 0x000000070a600000|  0%| F|  |TAMS 0x000000070a400000| PB 0x000000070a400000| Untracked |  0
|  60|0x000000070a600000, 0x000000070a600000, 0x000000070a800000|  0%| F|  |TAMS 0x000000070a600000| PB 0x000000070a600000| Untracked |  0
|  61|0x000000070a800000, 0x000000070a800000, 0x000000070aa00000|  0%| F|  |TAMS 0x000000070a800000| PB 0x000000070a800000| Untracked |  0
|  62|0x000000070aa00000, 0x000000070aa00000, 0x000000070ac00000|  0%| F|  |TAMS 0x000000070aa00000| PB 0x000000070aa00000| Untracked |  0
|  63|0x000000070ac00000, 0x000000070ac00000, 0x000000070ae00000|  0%| F|  |TAMS 0x000000070ac00000| PB 0x000000070ac00000| Untracked |  0
|  64|0x000000070ae00000, 0x000000070ae00000, 0x000000070b000000|  0%| F|  |TAMS 0x000000070ae00000| PB 0x000000070ae00000| Untracked |  0
|  65|0x000000070b000000, 0x000000070b000000, 0x000000070b200000|  0%| F|  |TAMS 0x000000070b000000| PB 0x000000070b000000| Untracked |  0
|  66|0x000000070b200000, 0x000000070b200000, 0x000000070b400000|  0%| F|  |TAMS 0x000000070b200000| PB 0x000000070b200000| Untracked |  0
|  67|0x000000070b400000, 0x000000070b400000, 0x000000070b600000|  0%| F|  |TAMS 0x000000070b400000| PB 0x000000070b400000| Untracked |  0
|  68|0x000000070b600000, 0x000000070b600000, 0x000000070b800000|  0%| F|  |TAMS 0x000000070b600000| PB 0x000000070b600000| Untracked |  0
|  69|0x000000070b800000, 0x000000070b800000, 0x000000070ba00000|  0%| F|  |TAMS 0x000000070b800000| PB 0x000000070b800000| Untracked |  0
|  70|0x000000070ba00000, 0x000000070ba00000, 0x000000070bc00000|  0%| F|  |TAMS 0x000000070ba00000| PB 0x000000070ba00000| Untracked |  0
|  71|0x000000070bc00000, 0x000000070bc00000, 0x000000070be00000|  0%| F|  |TAMS 0x000000070bc00000| PB 0x000000070bc00000| Untracked |  0
|  72|0x000000070be00000, 0x000000070be00000, 0x000000070c000000|  0%| F|  |TAMS 0x000000070be00000| PB 0x000000070be00000| Untracked |  0
|  73|0x000000070c000000, 0x000000070c000000, 0x000000070c200000|  0%| F|  |TAMS 0x000000070c000000| PB 0x000000070c000000| Untracked |  0
|  74|0x000000070c200000, 0x000000070c200000, 0x000000070c400000|  0%| F|  |TAMS 0x000000070c200000| PB 0x000000070c200000| Untracked |  0
|  75|0x000000070c400000, 0x000000070c400000, 0x000000070c600000|  0%| F|  |TAMS 0x000000070c400000| PB 0x000000070c400000| Untracked |  0
|  76|0x000000070c600000, 0x000000070c600000, 0x000000070c800000|  0%| F|  |TAMS 0x000000070c600000| PB 0x000000070c600000| Untracked |  0
|  77|0x000000070c800000, 0x000000070c800000, 0x000000070ca00000|  0%| F|  |TAMS 0x000000070c800000| PB 0x000000070c800000| Untracked |  0
|  78|0x000000070ca00000, 0x000000070ca00000, 0x000000070cc00000|  0%| F|  |TAMS 0x000000070ca00000| PB 0x000000070ca00000| Untracked |  0
|  79|0x000000070cc00000, 0x000000070cc00000, 0x000000070ce00000|  0%| F|  |TAMS 0x000000070cc00000| PB 0x000000070cc00000| Untracked |  0
|  80|0x000000070ce00000, 0x000000070ce00000, 0x000000070d000000|  0%| F|  |TAMS 0x000000070ce00000| PB 0x000000070ce00000| Untracked |  0
|  81|0x000000070d000000, 0x000000070d000000, 0x000000070d200000|  0%| F|  |TAMS 0x000000070d000000| PB 0x000000070d000000| Untracked |  0
|  82|0x000000070d200000, 0x000000070d200000, 0x000000070d400000|  0%| F|  |TAMS 0x000000070d200000| PB 0x000000070d200000| Untracked |  0
|  83|0x000000070d400000, 0x000000070d400000, 0x000000070d600000|  0%| F|  |TAMS 0x000000070d400000| PB 0x000000070d400000| Untracked |  0
|  84|0x000000070d600000, 0x000000070d600000, 0x000000070d800000|  0%| F|  |TAMS 0x000000070d600000| PB 0x000000070d600000| Untracked |  0
|  85|0x000000070d800000, 0x000000070d800000, 0x000000070da00000|  0%| F|  |TAMS 0x000000070d800000| PB 0x000000070d800000| Untracked |  0
|  86|0x000000070da00000, 0x000000070da00000, 0x000000070dc00000|  0%| F|  |TAMS 0x000000070da00000| PB 0x000000070da00000| Untracked |  0
|  87|0x000000070dc00000, 0x000000070dc00000, 0x000000070de00000|  0%| F|  |TAMS 0x000000070dc00000| PB 0x000000070dc00000| Untracked |  0
|  88|0x000000070de00000, 0x000000070de00000, 0x000000070e000000|  0%| F|  |TAMS 0x000000070de00000| PB 0x000000070de00000| Untracked |  0
|  89|0x000000070e000000, 0x000000070e000000, 0x000000070e200000|  0%| F|  |TAMS 0x000000070e000000| PB 0x000000070e000000| Untracked |  0
|  90|0x000000070e200000, 0x000000070e200000, 0x000000070e400000|  0%| F|  |TAMS 0x000000070e200000| PB 0x000000070e200000| Untracked |  0
|  91|0x000000070e400000, 0x000000070e400000, 0x000000070e600000|  0%| F|  |TAMS 0x000000070e400000| PB 0x000000070e400000| Untracked |  0
|  92|0x000000070e600000, 0x000000070e600000, 0x000000070e800000|  0%| F|  |TAMS 0x000000070e600000| PB 0x000000070e600000| Untracked |  0
|  93|0x000000070e800000, 0x000000070e800000, 0x000000070ea00000|  0%| F|  |TAMS 0x000000070e800000| PB 0x000000070e800000| Untracked |  0
|  94|0x000000070ea00000, 0x000000070ea00000, 0x000000070ec00000|  0%| F|  |TAMS 0x000000070ea00000| PB 0x000000070ea00000| Untracked |  0
|  95|0x000000070ec00000, 0x000000070ec00000, 0x000000070ee00000|  0%| F|  |TAMS 0x000000070ec00000| PB 0x000000070ec00000| Untracked |  0
|  96|0x000000070ee00000, 0x000000070ee00000, 0x000000070f000000|  0%| F|  |TAMS 0x000000070ee00000| PB 0x000000070ee00000| Untracked |  0
|  97|0x000000070f000000, 0x000000070f000000, 0x000000070f200000|  0%| F|  |TAMS 0x000000070f000000| PB 0x000000070f000000| Untracked |  0
|  98|0x000000070f200000, 0x000000070f200000, 0x000000070f400000|  0%| F|  |TAMS 0x000000070f200000| PB 0x000000070f200000| Untracked |  0
|  99|0x000000070f400000, 0x000000070f400000, 0x000000070f600000|  0%| F|  |TAMS 0x000000070f400000| PB 0x000000070f400000| Untracked |  0
| 100|0x000000070f600000, 0x000000070f600000, 0x000000070f800000|  0%| F|  |TAMS 0x000000070f600000| PB 0x000000070f600000| Untracked |  0
| 101|0x000000070f800000, 0x000000070f800000, 0x000000070fa00000|  0%| F|  |TAMS 0x000000070f800000| PB 0x000000070f800000| Untracked |  0
| 102|0x000000070fa00000, 0x000000070fa00000, 0x000000070fc00000|  0%| F|  |TAMS 0x000000070fa00000| PB 0x000000070fa00000| Untracked |  0
| 103|0x000000070fc00000, 0x000000070fc00000, 0x000000070fe00000|  0%| F|  |TAMS 0x000000070fc00000| PB 0x000000070fc00000| Untracked |  0
| 104|0x000000070fe00000, 0x000000070fe00000, 0x0000000710000000|  0%| F|  |TAMS 0x000000070fe00000| PB 0x000000070fe00000| Untracked |  0
| 105|0x0000000710000000, 0x0000000710000000, 0x0000000710200000|  0%| F|  |TAMS 0x0000000710000000| PB 0x0000000710000000| Untracked |  0
| 106|0x0000000710200000, 0x0000000710200000, 0x0000000710400000|  0%| F|  |TAMS 0x0000000710200000| PB 0x0000000710200000| Untracked |  0
| 107|0x0000000710400000, 0x0000000710400000, 0x0000000710600000|  0%| F|  |TAMS 0x0000000710400000| PB 0x0000000710400000| Untracked |  0
| 108|0x0000000710600000, 0x00000007107f3870, 0x0000000710800000| 97%| E|  |TAMS 0x0000000710600000| PB 0x0000000710600000| Complete |  0
| 109|0x0000000710800000, 0x0000000710a00000, 0x0000000710a00000|100%| E|CS|TAMS 0x0000000710800000| PB 0x0000000710800000| Complete |  0
| 110|0x0000000710a00000, 0x0000000710c00000, 0x0000000710c00000|100%| E|CS|TAMS 0x0000000710a00000| PB 0x0000000710a00000| Complete |  0
| 111|0x0000000710c00000, 0x0000000710e00000, 0x0000000710e00000|100%| E|CS|TAMS 0x0000000710c00000| PB 0x0000000710c00000| Complete |  0
| 112|0x0000000710e00000, 0x0000000711000000, 0x0000000711000000|100%| E|CS|TAMS 0x0000000710e00000| PB 0x0000000710e00000| Complete |  0
| 113|0x0000000711000000, 0x0000000711200000, 0x0000000711200000|100%| E|CS|TAMS 0x0000000711000000| PB 0x0000000711000000| Complete |  0
| 114|0x0000000711200000, 0x0000000711400000, 0x0000000711400000|100%| E|CS|TAMS 0x0000000711200000| PB 0x0000000711200000| Complete |  0
| 115|0x0000000711400000, 0x0000000711600000, 0x0000000711600000|100%| E|CS|TAMS 0x0000000711400000| PB 0x0000000711400000| Complete |  0
| 116|0x0000000711600000, 0x0000000711800000, 0x0000000711800000|100%| E|CS|TAMS 0x0000000711600000| PB 0x0000000711600000| Complete |  0
| 117|0x0000000711800000, 0x0000000711a00000, 0x0000000711a00000|100%| E|CS|TAMS 0x0000000711800000| PB 0x0000000711800000| Complete |  0
| 118|0x0000000711a00000, 0x0000000711c00000, 0x0000000711c00000|100%| E|CS|TAMS 0x0000000711a00000| PB 0x0000000711a00000| Complete |  0
| 119|0x0000000711c00000, 0x0000000711e00000, 0x0000000711e00000|100%| E|CS|TAMS 0x0000000711c00000| PB 0x0000000711c00000| Complete |  0
| 120|0x0000000711e00000, 0x0000000712000000, 0x0000000712000000|100%| E|CS|TAMS 0x0000000711e00000| PB 0x0000000711e00000| Complete |  0
| 121|0x0000000712000000, 0x0000000712200000, 0x0000000712200000|100%| E|CS|TAMS 0x0000000712000000| PB 0x0000000712000000| Complete |  0
| 122|0x0000000712200000, 0x0000000712400000, 0x0000000712400000|100%| E|CS|TAMS 0x0000000712200000| PB 0x0000000712200000| Complete |  0
| 123|0x0000000712400000, 0x0000000712600000, 0x0000000712600000|100%| E|CS|TAMS 0x0000000712400000| PB 0x0000000712400000| Complete |  0
| 124|0x0000000712600000, 0x0000000712800000, 0x0000000712800000|100%| E|CS|TAMS 0x0000000712600000| PB 0x0000000712600000| Complete |  0
| 125|0x0000000712800000, 0x0000000712a00000, 0x0000000712a00000|100%| E|CS|TAMS 0x0000000712800000| PB 0x0000000712800000| Complete |  0
| 126|0x0000000712a00000, 0x0000000712c00000, 0x0000000712c00000|100%| E|CS|TAMS 0x0000000712a00000| PB 0x0000000712a00000| Complete |  0
|2024|0x00000007ffe00000, 0x00000007fff1c288, 0x0000000800000000| 55%| O|  |TAMS 0x00000007ffe00000| PB 0x00000007ffe00000| Untracked |  0

Card table byte_map: [0x0000022df0ed0000,0x0000022df16c0000] _byte_map_base: 0x0000022ded6b9000

Marking Bits: (CMBitMap*) 0x0000022de3995790
 Bits: [0x0000022df16c0000, 0x0000022df5608000)

Polling page: 0x0000022de1d90000

Metaspace:

Usage:
  Non-class:      5.67 MB used.
      Class:    712.02 KB used.
       Both:      6.37 MB used.

Virtual space:
  Non-class space:       64.00 MB reserved,       5.75 MB (  9%) committed,  1 nodes.
      Class space:        1.00 GB reserved,     832.00 KB ( <1%) committed,  1 nodes.
             Both:        1.06 GB reserved,       6.56 MB ( <1%) committed. 

Chunk freelists:
   Non-Class:  10.07 MB
       Class:  15.20 MB
        Both:  25.26 MB

MaxMetaspaceSize: unlimited
CompressedClassSpaceSize: 1.00 GB
Initial GC threshold: 21.00 MB
Current GC threshold: 21.00 MB
CDS: on
 - commit_granule_bytes: 65536.
 - commit_granule_words: 8192.
 - virtual_space_node_default_size: 8388608.
 - enlarge_chunks_in_place: 1.
UseCompressedClassPointers 1, UseCompactObjectHeaders 0
Narrow klass pointer bits 32, Max shift 3
Narrow klass base: 0x0000022d80000000, Narrow klass shift: 0
Encoding Range: [0x0000022d80000000 - 0x0000022e80000000), (4294967296 bytes)
Klass Range:    [0x0000022d80000000 - 0x0000022dc1000000), (1090519040 bytes)
Klass ID Range:  [8 - 1090519033) (1090519025)


Internal statistics:

num_allocs_failed_limit: 0.
num_arena_births: 174.
num_arena_deaths: 0.
num_vsnodes_births: 2.
num_vsnodes_deaths: 0.
num_space_committed: 105.
num_space_uncommitted: 0.
num_chunks_returned_to_freelist: 0.
num_chunks_taken_from_freelist: 245.
num_chunk_merges: 0.
num_chunk_splits: 133.
num_chunks_enlarged: 30.
num_inconsistent_stats: 0.

CodeCache: size=49152Kb used=5013Kb max_used=5013Kb free=44138Kb
 bounds [0x0000022dece50000, 0x0000022ded340000, 0x0000022defe50000]
 total_blobs=2384, nmethods=1903, adapters=404, full_count=0
Compilation: enabled, stopped_count=0, restarted_count=0

Compilation events (20 events):
Event: 0.623 Thread 0x0000022dc632c2f0 nmethod 1889 0x0000022ded32fb08 code [0x0000022ded32fc40, 0x0000022ded32ff10]
Event: 0.623 Thread 0x0000022dc632c2f0 1890       1       java.lang.invoke.InvokerBytecodeGenerator::refKindOpcode (112 bytes)
Event: 0.623 Thread 0x0000022dc11dc640 nmethod 1882 0x0000022ded32ff88 code [0x0000022ded330120, 0x0000022ded330a20]
Event: 0.623 Thread 0x0000022dc632c2f0 nmethod 1890 0x0000022ded330a88 code [0x0000022ded330c20, 0x0000022ded331110]
Event: 0.624 Thread 0x0000022dc632c2f0 1891       1       jdk.internal.event.ExceptionThrownEvent::enabled (2 bytes)
Event: 0.624 Thread 0x0000022dc632c2f0 nmethod 1891 0x0000022ded331188 code [0x0000022ded331280, 0x0000022ded331328]
Event: 0.624 Thread 0x0000022dc11d9770 nmethod 1886 0x0000022ded331488 code [0x0000022ded3316a0, 0x0000022ded331cd8]
Event: 0.624 Thread 0x0000022dc111df80 nmethod 1888 0x0000022ded331d88 code [0x0000022ded331fe0, 0x0000022ded3327c8]
Event: 0.625 Thread 0x0000022dc111df80 1892       1       jdk.internal.classfile.impl.DirectCodeBuilder::astore (32 bytes)
Event: 0.625 Thread 0x0000022dc11dc640 1893       1       java.lang.invoke.LambdaFormBuffer::ownedCount (7 bytes)
Event: 0.625 Thread 0x0000022dc11dc640 nmethod 1893 0x0000022ded332908 code [0x0000022ded332a00, 0x0000022ded332ac8]
Event: 0.625 Thread 0x0000022dc11dc640 1894       1       jdk.internal.classfile.impl.StackMapGenerator$Frame::setLocalRawInternal (41 bytes)
Event: 0.625 Thread 0x0000022dc111df80 nmethod 1892 0x0000022ded332c08 code [0x0000022ded332d40, 0x0000022ded333028]
Event: 0.625 Thread 0x0000022dc11dc640 nmethod 1894 0x0000022ded333088 code [0x0000022ded3331c0, 0x0000022ded333448]
Event: 0.626 Thread 0x0000022dc11dc640 1897       1       sun.invoke.util.Wrapper::isDoubleWord (15 bytes)
Event: 0.626 Thread 0x0000022dc11dc640 nmethod 1897 0x0000022ded334088 code [0x0000022ded334180, 0x0000022ded334258]
Event: 0.626 Thread 0x0000022dc11dc640 1900       1       java.lang.invoke.InvokerBytecodeGenerator::methodDesc (45 bytes)
Event: 0.627 Thread 0x0000022dc11dc640 nmethod 1900 0x0000022ded334388 code [0x0000022ded3344e0, 0x0000022ded334a70]
Event: 0.627 Thread 0x0000022dc11dc640 1901       1       jdk.internal.classfile.impl.StackMapGenerator$Frame::setLocal (76 bytes)
Event: 0.627 Thread 0x0000022dc11dc640 nmethod 1901 0x0000022ded335108 code [0x0000022ded335260, 0x0000022ded335490]

GC Heap History (0 events):
No events

Dll operation events (10 events):
Event: 0.026 Loaded shared library C:\Users\User\.jdks\openjdk-24.0.1\bin\java.dll
Event: 0.155 Loaded shared library C:\Users\User\.jdks\openjdk-24.0.1\bin\zip.dll
Event: 0.158 Loaded shared library C:\Users\User\.jdks\openjdk-24.0.1\bin\instrument.dll
Event: 0.163 Loaded shared library C:\Users\User\.jdks\openjdk-24.0.1\bin\net.dll
Event: 0.165 Loaded shared library C:\Users\User\.jdks\openjdk-24.0.1\bin\nio.dll
Event: 0.169 Loaded shared library C:\Users\User\.jdks\openjdk-24.0.1\bin\zip.dll
Event: 0.290 Loaded shared library C:\Users\User\.jdks\openjdk-24.0.1\bin\extnet.dll
Event: 0.324 Loaded shared library C:\Users\User\.jdks\openjdk-24.0.1\bin\jimage.dll
Event: 0.361 Loaded shared library C:\Users\User\.jdks\openjdk-24.0.1\bin\management.dll
Event: 0.374 Loaded shared library C:\Users\User\.jdks\openjdk-24.0.1\bin\management_ext.dll

Deoptimization events (0 events):
No events

Classes loaded (20 events):
Event: 0.609 Loading class javax/management/MalformedObjectNameException
Event: 0.610 Loading class javax/management/MalformedObjectNameException done
Event: 0.612 Loading class java/lang/invoke/BoundMethodHandle$Species_LLLL
Event: 0.612 Loading class java/lang/invoke/BoundMethodHandle$Species_LLLL done
Event: 0.614 Loading class java/lang/invoke/BoundMethodHandle$Species_LLLLL
Event: 0.614 Loading class java/lang/invoke/BoundMethodHandle$Species_LLLLL done
Event: 0.616 Loading class java/lang/invoke/BoundMethodHandle$Species_LLLLLL
Event: 0.616 Loading class java/lang/invoke/BoundMethodHandle$Species_LLLLLL done
Event: 0.622 Loading class sun/reflect/misc/MethodUtil
Event: 0.623 Loading class sun/reflect/misc/MethodUtil done
Event: 0.623 Loading class sun/reflect/misc/MethodUtil$1
Event: 0.623 Loading class sun/reflect/misc/MethodUtil$1 done
Event: 0.623 Loading class java/security/AllPermissionCollection
Event: 0.623 Loading class java/security/AllPermissionCollection done
Event: 0.623 Loading class java/security/UnresolvedPermission
Event: 0.623 Loading class java/security/UnresolvedPermission done
Event: 0.624 Loading class java/lang/UnsupportedOperationException
Event: 0.624 Loading class java/lang/UnsupportedOperationException done
Event: 0.624 Loading class java/lang/IllegalAccessException
Event: 0.624 Loading class java/lang/IllegalAccessException done

Classes unloaded (0 events):
No events

Classes redefined (0 events):
No events

Internal exceptions (20 events):
Event: 0.535 Thread 0x0000022de3ac6b10 Exception <a 'java/lang/NoSuchMethodError'{0x000000071103e1b0}: 'java.lang.Object java.lang.invoke.DirectMethodHandle$Holder.invokeStaticInit(java.lang.Object, int, int, int, int)'> (0x000000071103e1b0) 
thrown [s\open\src\hotspot\share\interpreter\linkResolver.cpp, line 805]
Event: 0.536 Thread 0x0000022de1ace4c0 Exception <a 'sun/nio/fs/WindowsException'{0x00000007111cfa90}> (0x00000007111cfa90) 
thrown [s\open\src\hotspot\share\prims\jni.cpp, line 518]
Event: 0.538 Thread 0x0000022de1ace4c0 Exception <a 'sun/nio/fs/WindowsException'{0x00000007111dc868}> (0x00000007111dc868) 
thrown [s\open\src\hotspot\share\prims\jni.cpp, line 518]
Event: 0.542 Thread 0x0000022de1ace4c0 Exception <a 'sun/nio/fs/WindowsException'{0x0000000710effa58}> (0x0000000710effa58) 
thrown [s\open\src\hotspot\share\prims\jni.cpp, line 518]
Event: 0.557 Thread 0x0000022de3ac6b10 Exception <a 'java/lang/NoSuchMethodError'{0x0000000710d1b128}: 'java.lang.Object java.lang.invoke.DirectMethodHandle$Holder.invokeStaticInit(java.lang.Object, java.lang.Object, int, int, int, int)'> (0x0000000710d1b128) 
thrown [s\open\src\hotspot\share\interpreter\linkResolver.cpp, line 805]
Event: 0.567 Thread 0x0000022de3ac6b10 Exception <a 'java/lang/ClassNotFoundException'{0x0000000710d320a0}: javax/management/remote/rmi/RMIServerImpl_Skel> (0x0000000710d320a0) 
thrown [s\open\src\hotspot\share\classfile\systemDictionary.cpp, line 327]
Event: 0.574 Thread 0x0000022de3ac6b10 Exception <a 'java/lang/NoSuchMethodError'{0x0000000710d43878}: 'long java.lang.invoke.Invokers$Holder.invokeExact_MT(java.lang.Object, java.lang.Object)'> (0x0000000710d43878) 
thrown [s\open\src\hotspot\share\interpreter\linkResolver.cpp, line 805]
Event: 0.596 Thread 0x0000022dc7685530 Exception <a 'java/lang/NoSuchMethodError'{0x0000000710847b00}: static [B.<clinit>()V> (0x0000000710847b00) 
thrown [s\open\src\hotspot\share\prims\jni.cpp, line 1108]
Event: 0.597 Thread 0x0000022dc7685530 Exception <a 'java/lang/NoSuchMethodError'{0x0000000710849450}: 'java.lang.Object java.lang.invoke.DirectMethodHandle$Holder.invokeInterface(java.lang.Object, java.lang.Object, java.lang.Object)'> (0x0000000710849450) 
thrown [s\open\src\hotspot\share\interpreter\linkResolver.cpp, line 805]
Event: 0.601 Thread 0x0000022dc7698150 Exception <a 'java/lang/NoSuchMethodError'{0x00000007109f57d8}: 'java.lang.Object java.lang.invoke.DirectMethodHandle$Holder.invokeSpecial(java.lang.Object, java.lang.Object, java.lang.Object, java.lang.Object, long)'> (0x00000007109f57d8) 
thrown [s\open\src\hotspot\share\interpreter\linkResolver.cpp, line 805]
Event: 0.602 Thread 0x0000022dc7698150 Exception <a 'java/lang/NoSuchMethodError'{0x0000000710606ac0}: 'java.lang.Object java.lang.invoke.Invokers$Holder.linkToTargetMethod(java.lang.Object, long, java.lang.Object)'> (0x0000000710606ac0) 
thrown [s\open\src\hotspot\share\interpreter\linkResolver.cpp, line 805]
Event: 0.603 Thread 0x0000022dc7685530 Exception <a 'java/lang/ClassNotFoundException'{0x0000000710861410}: javax/management/remote/rmi/RMIConnectionImpl_Skel> (0x0000000710861410) 
thrown [s\open\src\hotspot\share\classfile\systemDictionary.cpp, line 327]
Event: 0.607 Thread 0x0000022dc7685530 Exception <a 'java/lang/NoSuchMethodError'{0x000000071087eef8}: 'java.lang.Object java.lang.invoke.DirectMethodHandle$Holder.invokeInterface(java.lang.Object, java.lang.Object)'> (0x000000071087eef8) 
thrown [s\open\src\hotspot\share\interpreter\linkResolver.cpp, line 805]
Event: 0.611 Thread 0x0000022dc7685530 Exception <a 'java/lang/NoSuchMethodError'{0x00000007108a6ab8}: 'int java.lang.invoke.DelegatingMethodHandle$Holder.reinvoke_L(java.lang.Object, java.lang.Object, java.lang.Object, java.lang.Object, java.lang.Object)'> (0x00000007108a6ab8) 
thrown [s\open\src\hotspot\share\interpreter\linkResolver.cpp, line 805]
Event: 0.615 Thread 0x0000022dc7685530 Exception <a 'java/lang/NoSuchMethodError'{0x00000007108e9d70}: 'java.lang.Object java.lang.invoke.DirectMethodHandle$Holder.invokeStatic(java.lang.Object, java.lang.Object, java.lang.Object, java.lang.Object, java.lang.Object, java.lang.Object, java.lang.Object, java.lang.Object)'> (0x00000007108e9d70) 
thrown [s\open\src\hotspot\share\interpreter\linkResolver.cpp, line 805]
Event: 0.617 Thread 0x0000022dc7685530 Exception <a 'java/lang/NoSuchMethodError'{0x00000007107122f8}: 'java.lang.Object java.lang.invoke.DirectMethodHandle$Holder.invokeStatic(java.lang.Object, java.lang.Object, java.lang.Object, java.lang.Object, java.lang.Object, java.lang.Object, java.lang.Object, java.lang.Object, java.lang.Object)'> (0x00000007107122f8) 
thrown [s\open\src\hotspot\share\interpreter\linkResolver.cpp, line 805]
Event: 0.618 Thread 0x0000022dc7685530 Exception <a 'java/lang/NoSuchMethodError'{0x00000007107257a8}: 'java.lang.Object java.lang.invoke.Invokers$Holder.invokeExact_MT(java.lang.Object, java.lang.Object, java.lang.Object, java.lang.Object, java.lang.Object, java.lang.Object)'> (0x00000007107257a8) 
thrown [s\open\src\hotspot\share\interpreter\linkResolver.cpp, line 805]
Event: 0.620 Thread 0x0000022dc7685530 Exception <a 'java/lang/NoSuchMethodError'{0x00000007107314e8}: 'java.lang.Object java.lang.invoke.DirectMethodHandle$Holder.invokeInterface(java.lang.Object, java.lang.Object, java.lang.Object, java.lang.Object, java.lang.Object)'> (0x00000007107314e8) 
thrown [s\open\src\hotspot\share\interpreter\linkResolver.cpp, line 805]
Event: 0.626 Thread 0x0000022dc7685530 Exception <a 'java/lang/NoSuchMethodError'{0x000000071077beb0}: 'double java.lang.invoke.DirectMethodHandle$Holder.invokeInterface(java.lang.Object, java.lang.Object)'> (0x000000071077beb0) 
thrown [s\open\src\hotspot\share\interpreter\linkResolver.cpp, line 805]
Event: 0.626 Thread 0x0000022dc7685530 Exception <a 'java/lang/NoSuchMethodError'{0x000000071078cb20}: 'double java.lang.invoke.DelegatingMethodHandle$Holder.reinvoke_L(java.lang.Object, java.lang.Object)'> (0x000000071078cb20) 
thrown [s\open\src\hotspot\share\interpreter\linkResolver.cpp, line 805]

VM Operations (16 events):
Event: 0.140 Executing VM operation: HandshakeAllThreads (Deoptimize)
Event: 0.140 Executing VM operation: HandshakeAllThreads (Deoptimize) done
Event: 0.334 Executing VM operation: HandshakeAllThreads (Deoptimize)
Event: 0.334 Executing VM operation: HandshakeAllThreads (Deoptimize) done
Event: 0.382 Executing VM operation: HandshakeAllThreads (Deoptimize)
Event: 0.382 Executing VM operation: HandshakeAllThreads (Deoptimize) done
Event: 0.506 Executing VM operation: HandshakeAllThreads (Deoptimize)
Event: 0.506 Executing VM operation: HandshakeAllThreads (Deoptimize) done
Event: 0.529 Executing VM operation: HandshakeAllThreads (Deoptimize)
Event: 0.529 Executing VM operation: HandshakeAllThreads (Deoptimize) done
Event: 0.534 Executing VM operation: HandshakeAllThreads (Deoptimize)
Event: 0.534 Executing VM operation: HandshakeAllThreads (Deoptimize) done
Event: 0.566 Executing VM operation: JFRSafepointClear
Event: 0.566 Executing VM operation: JFRSafepointClear done
Event: 0.602 Executing VM operation: HandshakeAllThreads (Deoptimize)
Event: 0.602 Executing VM operation: HandshakeAllThreads (Deoptimize) done

Memory protections (0 events):
No events

Nmethod flushes (0 events):
No events

Events (19 events):
Event: 0.042 Thread 0x0000022de1ace4c0 Thread added: 0x0000022de1ace4c0
Event: 0.053 Thread 0x0000022de1ace4c0 Thread added: 0x0000022de3abd720
Event: 0.053 Thread 0x0000022de1ace4c0 Thread added: 0x0000022de3abe220
Event: 0.053 Thread 0x0000022de1ace4c0 Thread added: 0x0000022de3ac5fe0
Event: 0.054 Thread 0x0000022de1ace4c0 Thread added: 0x0000022de3ac6b10
Event: 0.054 Thread 0x0000022de1ace4c0 Thread added: 0x0000022de3acb650
Event: 0.054 Thread 0x0000022de1ace4c0 Thread added: 0x0000022de3acc400
Event: 0.054 Thread 0x0000022de1ace4c0 Thread added: 0x0000022dc111df80
Event: 0.140 Thread 0x0000022dc111df80 Thread added: 0x0000022dc11d9770
Event: 0.141 Thread 0x0000022dc11d9770 Thread added: 0x0000022dc11dc640
Event: 0.160 Thread 0x0000022de1ace4c0 Thread added: 0x0000022dc12a8c10
Event: 0.276 Thread 0x0000022de1ace4c0 Thread added: 0x0000022dc1642980
Event: 0.328 Thread 0x0000022dc11d9770 Thread added: 0x0000022dc632c2f0
Event: 0.363 Thread 0x0000022de1ace4c0 Thread added: 0x0000022dc75101c0
Event: 0.528 Thread 0x0000022de1ace4c0 Thread added: 0x0000022dc762ec90
Event: 0.572 Thread 0x0000022de3ac6b10 Thread added: 0x0000022dc7675480
Event: 0.583 Thread 0x0000022dc7675480 Thread added: 0x0000022dc7685530
Event: 0.595 Thread 0x0000022dc7685530 Thread added: 0x0000022dc7695740
Event: 0.600 Thread 0x0000022dc7685530 Thread added: 0x0000022dc7698150


Dynamic libraries:
0x00007ff682e10000 - 0x00007ff682e1e000 	C:\Users\User\.jdks\openjdk-24.0.1\bin\java.exe
0x00007ffed8170000 - 0x00007ffed8368000 	C:\Windows\SYSTEM32\ntdll.dll
0x00007ffed64d0000 - 0x00007ffed6592000 	C:\Windows\System32\KERNEL32.DLL
0x00007ffed58b0000 - 0x00007ffed5ba6000 	C:\Windows\System32\KERNELBASE.dll
0x00007ffed5bb0000 - 0x00007ffed5cb0000 	C:\Windows\System32\ucrtbase.dll
0x00007ffe9ab50000 - 0x00007ffe9ab66000 	C:\Users\User\.jdks\openjdk-24.0.1\bin\jli.dll
0x00007ffe99330000 - 0x00007ffe9934b000 	C:\Users\User\.jdks\openjdk-24.0.1\bin\VCRUNTIME140.dll
0x00007ffed6190000 - 0x00007ffed6331000 	C:\Windows\System32\USER32.dll
0x00007ffebd470000 - 0x00007ffebd70b000 	C:\Windows\WinSxS\amd64_microsoft.windows.common-controls_6595b64144ccf1df_6.0.19041.6456_none_60b8a6cb71f64256\COMCTL32.dll
0x00007ffed5e10000 - 0x00007ffed5e32000 	C:\Windows\System32\win32u.dll
0x00007ffed6770000 - 0x00007ffed680e000 	C:\Windows\System32\msvcrt.dll
0x00007ffed6f00000 - 0x00007ffed6f2b000 	C:\Windows\System32\GDI32.dll
0x00007ffed5ff0000 - 0x00007ffed6109000 	C:\Windows\System32\gdi32full.dll
0x00007ffed5f50000 - 0x00007ffed5fed000 	C:\Windows\System32\msvcp_win.dll
0x00007ffed64a0000 - 0x00007ffed64cf000 	C:\Windows\System32\IMM32.DLL
0x00007ffe9da20000 - 0x00007ffe9da2c000 	C:\Users\User\.jdks\openjdk-24.0.1\bin\vcruntime140_1.dll
0x00007ffe8be70000 - 0x00007ffe8befe000 	C:\Users\User\.jdks\openjdk-24.0.1\bin\msvcp140.dll
0x00007ffe056d0000 - 0x00007ffe06472000 	C:\Users\User\.jdks\openjdk-24.0.1\bin\server\jvm.dll
0x00007ffed6e40000 - 0x00007ffed6ef1000 	C:\Windows\System32\ADVAPI32.dll
0x00007ffed7bb0000 - 0x00007ffed7c4f000 	C:\Windows\System32\sechost.dll
0x00007ffed7cb0000 - 0x00007ffed7dd0000 	C:\Windows\System32\RPCRT4.dll
0x00007ffed6160000 - 0x00007ffed6187000 	C:\Windows\System32\bcrypt.dll
0x00007ffed6d00000 - 0x00007ffed6d6b000 	C:\Windows\System32\WS2_32.dll
0x00007ffed4cf0000 - 0x00007ffed4d3b000 	C:\Windows\SYSTEM32\POWRPROF.dll
0x00007ffec85b0000 - 0x00007ffec85d7000 	C:\Windows\SYSTEM32\WINMM.dll
0x00007ffed3630000 - 0x00007ffed363a000 	C:\Windows\SYSTEM32\VERSION.dll
0x00007ffed4bc0000 - 0x00007ffed4bd2000 	C:\Windows\SYSTEM32\UMPDC.dll
0x00007ffed3fd0000 - 0x00007ffed3fe2000 	C:\Windows\SYSTEM32\kernel.appcore.dll
0x00007ffe9d5b0000 - 0x00007ffe9d5ba000 	C:\Users\User\.jdks\openjdk-24.0.1\bin\jimage.dll
0x00007ffec7b40000 - 0x00007ffec7d41000 	C:\Windows\SYSTEM32\DBGHELP.DLL
0x00007ffebcc00000 - 0x00007ffebcc34000 	C:\Windows\SYSTEM32\dbgcore.DLL
0x00007ffed5ec0000 - 0x00007ffed5f42000 	C:\Windows\System32\bcryptPrimitives.dll
0x00007ffeb03e0000 - 0x00007ffeb03ef000 	C:\Users\User\.jdks\openjdk-24.0.1\bin\instrument.dll
0x00007ffe981e0000 - 0x00007ffe981fe000 	C:\Users\User\.jdks\openjdk-24.0.1\bin\java.dll
0x00007ffed7a80000 - 0x00007ffed7bab000 	C:\Windows\System32\ole32.dll
0x00007ffed7dd0000 - 0x00007ffed8124000 	C:\Windows\System32\combase.dll
0x00007ffed70e0000 - 0x00007ffed7850000 	C:\Windows\System32\SHELL32.dll
0x00007ffe87f60000 - 0x00007ffe88158000 	C:\Users\User\AppData\Local\Temp\idea_libasyncProfiler_dll_temp_folder11\libasyncProfiler.dll
0x00007ffed3750000 - 0x00007ffed3ef5000 	C:\Windows\SYSTEM32\windows.storage.dll
0x00007ffed5150000 - 0x00007ffed517b000 	C:\Windows\SYSTEM32\Wldp.dll
0x00007ffed6340000 - 0x00007ffed640d000 	C:\Windows\System32\OLEAUT32.dll
0x00007ffed6d90000 - 0x00007ffed6e3d000 	C:\Windows\System32\SHCORE.dll
0x00007ffed7860000 - 0x00007ffed78bb000 	C:\Windows\System32\shlwapi.dll
0x00007ffed5730000 - 0x00007ffed5754000 	C:\Windows\SYSTEM32\profapi.dll
0x00007ffe933e0000 - 0x00007ffe933f7000 	C:\Users\User\.jdks\openjdk-24.0.1\bin\zip.dll
0x00007ffe9d520000 - 0x00007ffe9d530000 	C:\Users\User\.jdks\openjdk-24.0.1\bin\net.dll
0x00007ffed4f30000 - 0x00007ffed4f9a000 	C:\Windows\system32\mswsock.dll
0x00007ffe93400000 - 0x00007ffe93416000 	C:\Users\User\.jdks\openjdk-24.0.1\bin\nio.dll
0x00007ffe9b620000 - 0x00007ffe9b629000 	C:\Users\User\.jdks\openjdk-24.0.1\bin\extnet.dll
0x00007ffed4c20000 - 0x00007ffed4cea000 	C:\Windows\SYSTEM32\DNSAPI.dll
0x00007ffed4be0000 - 0x00007ffed4c1b000 	C:\Windows\SYSTEM32\IPHLPAPI.DLL
0x00007ffed6d80000 - 0x00007ffed6d88000 	C:\Windows\System32\NSI.dll
0x00007ffec1590000 - 0x00007ffec159a000 	C:\Windows\System32\rasadhlp.dll
0x00007ffec1970000 - 0x00007ffec19f0000 	C:\Windows\System32\fwpuclnt.dll
0x00007ffe9d6f0000 - 0x00007ffe9d6fa000 	C:\Users\User\.jdks\openjdk-24.0.1\bin\management.dll
0x00007ffe9ace0000 - 0x00007ffe9aceb000 	C:\Users\User\.jdks\openjdk-24.0.1\bin\management_ext.dll
0x00007ffed6d70000 - 0x00007ffed6d78000 	C:\Windows\System32\PSAPI.DLL
0x00007ffed5190000 - 0x00007ffed51a8000 	C:\Windows\SYSTEM32\CRYPTSP.dll
0x00007ffed4800000 - 0x00007ffed4838000 	C:\Windows\system32\rsaenh.dll
0x00007ffed56f0000 - 0x00007ffed571e000 	C:\Windows\SYSTEM32\USERENV.dll
0x00007ffed50c0000 - 0x00007ffed50cc000 	C:\Windows\SYSTEM32\CRYPTBASE.dll
0x00007ffeb4d00000 - 0x00007ffeb4d17000 	C:\Windows\system32\napinsp.dll
0x00007ffea6c70000 - 0x00007ffea6c8b000 	C:\Windows\system32\pnrpnsp.dll
0x00007ffed1de0000 - 0x00007ffed1dfd000 	C:\Windows\system32\wshbth.dll
0x00007ffed15d0000 - 0x00007ffed15ed000 	C:\Windows\system32\NLAapi.dll
0x00007ffea6c50000 - 0x00007ffea6c62000 	C:\Windows\System32\winrnr.dll
0x00007ffebceb0000 - 0x00007ffebcf01000 	C:\Windows\SYSTEM32\pdh.dll

JVMTI agents:
C:\Program Files\JetBrains\IntelliJ IDEA 2025.1.1.1\lib\idea_rt.jar path:C:\Users\User\.jdks\openjdk-24.0.1\bin\instrument.dll, loaded, initialized, instrumentlib options:53570
C:\Users\User\AppData\Local\Temp\idea_libasyncProfiler_dll_temp_folder11\libasyncProfiler.dll path:C:\Users\User\AppData\Local\Temp\idea_libasyncProfiler_dll_temp_folder11\libasyncProfiler.dll, loaded, initialized, options:start,jfr,event=wall,interval=10ms,jfrsync=profile,cstack=no,file=C:\Users\User\IdeaSnapshots\DemoApplication_2025_12_22_184637.jfr,dbghelppath=C:\Users\User\AppData\Local\Temp\idea_dbghelp_dll_temp_folder1\dbghelp.dll,log=C:\Users\User\AppData\Local\Temp\DemoApplication_2025_12_22_184637.jfr.log.txt,logLevel=DEBUG

dbghelp: loaded successfully - version: 4.0.5 - missing functions: none
symbol engine: initialized successfully - sym options: 0x614 - pdb path: .;C:\Users\User\.jdks\openjdk-24.0.1\bin;C:\Windows\SYSTEM32;C:\Windows\WinSxS\amd64_microsoft.windows.common-controls_6595b64144ccf1df_6.0.19041.6456_none_60b8a6cb71f64256;C:\Users\User\.jdks\openjdk-24.0.1\bin\server;C:\Users\User\AppData\Local\Temp\idea_libasyncProfiler_dll_temp_folder11

VM Arguments:
jvm_args: -XX:TieredStopAtLevel=1 -Dspring.output.ansi.enabled=always -Dcom.sun.management.jmxremote -Dspring.jmx.enabled=true -Dspring.liveBeansView.mbeanDomain -Dspring.application.admin.enabled=true -Dmanagement.endpoints.jmx.exposure.include=* -javaagent:C:\Program Files\JetBrains\IntelliJ IDEA 2025.1.1.1\lib\idea_rt.jar=53570 -agentpath:C:\Users\User\AppData\Local\Temp\idea_libasyncProfiler_dll_temp_folder11\libasyncProfiler.dll=start,jfr,event=wall,interval=10ms,jfrsync=profile,cstack=no,file=C:\Users\User\IdeaSnapshots\DemoApplication_2025_12_22_184637.jfr,dbghelppath=C:\Users\User\AppData\Local\Temp\idea_dbghelp_dll_temp_folder1\dbghelp.dll,log=C:\Users\User\AppData\Local\Temp\DemoApplication_2025_12_22_184637.jfr.log.txt,logLevel=DEBUG -Dfile.encoding=UTF-8 -Dsun.stdout.encoding=UTF-8 -Dsun.stderr.encoding=UTF-8 
java_command: com.example.demo.DemoApplication
java_class_path (initial): C:\Users\User\Desktop\NexTrip\target\classes;C:\Users\User\.m2\repository\org\springframework\boot\spring-boot-starter-data-jpa\3.5.6\spring-boot-starter-data-jpa-3.5.6.jar;C:\Users\User\.m2\repository\org\springframework\boot\spring-boot-starter\3.5.6\spring-boot-starter-3.5.6.jar;C:\Users\User\.m2\repository\org\springframework\boot\spring-boot\3.5.6\spring-boot-3.5.6.jar;C:\Users\User\.m2\repository\org\springframework\boot\spring-boot-autoconfigure\3.5.6\spring-boot-autoconfigure-3.5.6.jar;C:\Users\User\.m2\repository\org\springframework\boot\spring-boot-starter-logging\3.5.6\spring-boot-starter-logging-3.5.6.jar;C:\Users\User\.m2\repository\ch\qos\logback\logback-classic\1.5.18\logback-classic-1.5.18.jar;C:\Users\User\.m2\repository\ch\qos\logback\logback-core\1.5.18\logback-core-1.5.18.jar;C:\Users\User\.m2\repository\org\apache\logging\log4j\log4j-to-slf4j\2.24.3\log4j-to-slf4j-2.24.3.jar;C:\Users\User\.m2\repository\org\apache\logging\log4j\log4j-api\2.24.3\log4j-api-2.24.3.jar;C:\Users\User\.m2\repository\org\slf4j\jul-to-slf4j\2.0.17\jul-to-slf4j-2.0.17.jar;C:\Users\User\.m2\repository\jakarta\annotation\jakarta.annotation-api\2.1.1\jakarta.annotation-api-2.1.1.jar;C:\Users\User\.m2\repository\org\yaml\snakeyaml\2.4\snakeyaml-2.4.jar;C:\Users\User\.m2\repository\org\springframework\boot\spring-boot-starter-jdbc\3.5.6\spring-boot-starter-jdbc-3.5.6.jar;C:\Users\User\.m2\repository\com\zaxxer\HikariCP\6.3.3\HikariCP-6.3.3.jar;C:\Users\User\.m2\repository\org\springframework\spring-jdbc\6.2.11\spring-jdbc-6.2.11.jar;C:\Users\User\.m2\repository\org\hibernate\orm\hibernate-core\6.6.29.Final\hibernate-core-6.6.29.Final.jar;C:\Users\User\.m2\repository\jakarta\persistence\jakarta.persistence-api\3.1.0\jakarta.persistence-api-3.1.0.jar;C:\Users\User\.m2\repository\jakarta\transaction\jakarta.transaction-api\2.0.1\jakarta.transaction-api-2.0.1.jar;C:\Users\User\.m2\repository\org\jboss\logging\jboss-logging\3.6.1.Final\jboss-logging-3.6.1.Final.jar;C:\Users\User\.m2\repository\org\hibernate\common\hibernate-commons-annotations\7.0.3.Final\hibernate-commons-annotations-7.0.3.Final.jar;C:\Users\User\.m2\repository\io\smallrye\jandex\3.2.0\jandex-3.2.0.jar;C:\Users\User\.m2\repository\com\fasterxml\classmate\1.7.0\classmate-1.7.0.jar;C:\Users\User\.m2\repository\net\bytebuddy\byte-buddy\1.17.7\byte-buddy-1.17.7.jar;C:\Users\User\.m2\repository\org\glassfish\jaxb\jaxb-runtime\4.0.5\jaxb-runtime-4.0.5.jar;C:\Users\User\.m2\repository\org\glassfish\jaxb\jaxb-core\4.0.5\jaxb-core-4.0.5.jar;C:\Users\User\.m2\repository\org\glassfish\jaxb\txw2\4.0.5\txw2-4.0.5.jar;C:\Users\User\.m2\repository\com\sun\istack\istack-commons-runtime\4.1.2\istack-commons-runtime-4.1.2.jar;C:\Users\User\.m2\repository\jakarta\inject\jakarta.inject-api\2.0.1\jakarta.inject-api-2.0.1.jar;C:\Users\User\.m2\repository\org\antlr\antlr4-runtime\4.13.0\antlr4-runtime-4.13.0.jar;C:\Users\User\.m2\repository\org\springframework\data\spring-data-jpa\3.5.4\spring-data-jpa-3.5.4.jar;C:\Users\User\.m2\repository\org\springframework\data\spring-data-commons\3.5.4\spring-data-commons-3.5.4.jar;C:\Users\User\.m2\repository\org\springframework\spring-orm\6.2.11\spring-orm-6.2.11.jar;C:\Users\User\.m2\repository\org\springframework\spring-context\6.2.11\spring-context-6.2.11.jar;C:\Users\User\.m2\repository\org\springframework\spring-tx\6.2.11\spring-tx-6.2.11.jar;C:\Users\User\.m2\repository\org\springframework\spring-beans\6.2.11\spring-beans-6.2.11.jar;C:\Users\User\.m2\repository\org\slf4j\slf4j-api\2.0.17\slf4j-api-2.0.17.jar;C:\Users\User\.m2\repository\org\springframework\spring-aspects\6.2.11\spring-aspects-6.2.11.jar;C:\Users\User\.m2\repository\org\aspectj\aspectjweaver\1.9.24\aspectjweaver-1.9.24.jar;C:\Users\User\.m2\repository\org\springframework\boot\spring-boot-starter-mail\3.5.6\spring-boot-starter-mail-3.5.6.jar;C:\Users\User\.m2\repository\org\springframework\spring-context-support\6.2.11\spring-context-support-6.2.11.jar;C:\Users\User\.m2\repository\org\eclipse\angus\jakarta.mail\2.0.4\jakarta.mail-2.0.4.jar;C:\Users\User\.m2\repository\jakarta\activation\jakarta.activation-api\2.1.4\jakarta.activation-api-2.1.4.jar;C:\Users\User\.m2\repository\org\eclipse\angus\angus-activation\2.0.2\angus-activation-2.0.2.jar;C:\Users\User\.m2\repository\io\jsonwebtoken\jjwt-api\0.11.5\jjwt-api-0.11.5.jar;C:\Users\User\.m2\repository\io\jsonwebtoken\jjwt-impl\0.11.5\jjwt-impl-0.11.5.jar;C:\Users\User\.m2\repository\com\fasterxml\jackson\core\jackson-databind\2.19.2\jackson-databind-2.19.2.jar;C:\Users\User\.m2\repository\com\fasterxml\jackson\core\jackson-annotations\2.19.2\jackson-annotations-2.19.2.jar;C:\Users\User\.m2\repository\com\fasterxml\jackson\core\jackson-core\2.19.2\jackson-core-2.19.2.jar;C:\Users\User\.m2\repository\io\jsonwebtoken\jjwt-jackson\0.11.5\jjwt-jackson-0.11.5.jar;C:\Users\User\.m2\repository\org\springframework\boot\spring-boot-starter-security\3.5.6\spring-boot-starter-security-3.5.6.jar;C:\Users\User\.m2\repository\org\springframework\spring-aop\6.2.11\spring-aop-6.2.11.jar;C:\Users\User\.m2\repository\org\springframework\security\spring-security-config\6.5.5\spring-security-config-6.5.5.jar;C:\Users\User\.m2\repository\org\springframework\security\spring-security-web\6.5.5\spring-security-web-6.5.5.jar;C:\Users\User\.m2\repository\org\springframework\spring-expression\6.2.11\spring-expression-6.2.11.jar;C:\Users\User\.m2\repository\org\springframework\boot\spring-boot-starter-web\3.5.6\spring-boot-starter-web-3.5.6.jar;C:\Users\User\.m2\repository\org\springframework\boot\spring-boot-starter-json\3.5.6\spring-boot-starter-json-3.5.6.jar;C:\Users\User\.m2\repository\com\fasterxml\jackson\datatype\jackson-datatype-jdk8\2.19.2\jackson-datatype-jdk8-2.19.2.jar;C:\Users\User\.m2\repository\com\fasterxml\jackson\datatype\jackson-datatype-jsr310\2.19.2\jackson-datatype-jsr310-2.19.2.jar;C:\Users\User\.m2\repository\com\fasterxml\jackson\module\jackson-module-parameter-names\2.19.2\jackson-module-parameter-names-2.19.2.jar;C:\Users\User\.m2\repository\org\springframework\boot\spring-boot-starter-tomcat\3.5.6\spring-boot-starter-tomcat-3.5.6.jar;C:\Users\User\.m2\repository\org\apache\tomcat\embed\tomcat-embed-core\10.1.46\tomcat-embed-core-10.1.46.jar;C:\Users\User\.m2\repository\org\apache\tomcat\embed\tomcat-embed-el\10.1.46\tomcat-embed-el-10.1.46.jar;C:\Users\User\.m2\repository\org\apache\tomcat\embed\tomcat-embed-websocket\10.1.46\tomcat-embed-websocket-10.1.46.jar;C:\Users\User\.m2\repository\org\springframework\spring-web\6.2.11\spring-web-6.2.11.jar;C:\Users\User\.m2\repository\io\micrometer\micrometer-observation\1.15.4\micrometer-observation-1.15.4.jar;C:\Users\User\.m2\repository\io\micrometer\micrometer-commons\1.15.4\micrometer-commons-1.15.4.jar;C:\Users\User\.m2\repository\org\springframework\spring-webmvc\6.2.11\spring-webmvc-6.2.11.jar;C:\Users\User\.m2\repository\org\springframework\boot\spring-boot-starter-thymeleaf\3.5.6\spring-boot-starter-thymeleaf-3.5.6.jar;C:\Users\User\.m2\repository\org\thymeleaf\thymeleaf-spring6\3.1.3.RELEASE\thymeleaf-spring6-3.1.3.RELEASE.jar;C:\Users\User\.m2\repository\org\thymeleaf\thymeleaf\3.1.3.RELEASE\thymeleaf-3.1.3.RELEASE.jar;C:\Users\User\.m2\repository\org\attoparser\attoparser\2.0.7.RELEASE\attoparser-2.0.7.RELEASE.jar;C:\Users\User\.m2\repository\org\unbescape\unbescape\1.1.6.RELEASE\unbescape-1.1.6.RELEASE.jar;C:\Users\User\.m2\repository\com\mysql\mysql-connector-j\9.4.0\mysql-connector-j-9.4.0.jar;C:\Users\User\.m2\repository\org\postgresql\postgresql\42.7.7\postgresql-42.7.7.jar;C:\Users\User\.m2\repository\org\checkerframework\checker-qual\3.49.3\checker-qual-3.49.3.jar;C:\Users\User\.m2\repository\org\projectlombok\lombok\1.18.40\lombok-1.18.40.jar;C:\Users\User\.m2\repository\jakarta\xml\bind\jakarta.xml.bind-api\4.0.2\jakarta.xml.bind-api-4.0.2.jar;C:\Users\User\.m2\repository\org\springframework\spring-core\6.2.11\spring-core-6.2.11.jar;C:\Users\User\.m2\repository\org\springframework\spring-jcl\6.2.11\spring-jcl-6.2.11.jar;C:\Users\User\.m2\repository\org\springframework\security\spring-security-core\6.5.5\spring-security-core-6.5.5.jar;C:\Users\User\.m2\repository\org\springframework\security\spring-security-crypto\6.5.5\spring-security-crypto-6.5.5.jar
Launcher Type: SUN_STANDARD

[Global flags]
     intx CICompilerCount                          = 4                                         {product} {ergonomic}
     uint ConcGCThreads                            = 3                                         {product} {ergonomic}
     bool FlightRecorder                           = true                                      {product} {management}
     uint G1ConcRefinementThreads                  = 10                                        {product} {ergonomic}
   size_t G1HeapRegionSize                         = 2097152                                   {product} {ergonomic}
   size_t InitialHeapSize                          = 266338304                                 {product} {ergonomic}
     bool ManagementServer                         = true                                      {product} {command line}
   size_t MarkStackSize                            = 4194304                                   {product} {ergonomic}
   size_t MarkStackSizeMax                         = 536870912                                 {product} {ergonomic}
   size_t MaxHeapSize                              = 4246732800                                {product} {ergonomic}
   size_t MaxNewSize                               = 2548039680                                {product} {ergonomic}
   size_t MinHeapDeltaBytes                        = 2097152                                   {product} {ergonomic}
   size_t MinHeapSize                              = 8388608                                   {product} {ergonomic}
    uintx NonNMethodCodeHeapSize                   = 4096                                   {pd product} {ergonomic}
    uintx NonProfiledCodeHeapSize                  = 0                                      {pd product} {ergonomic}
     bool ProfileInterpreter                       = false                                  {pd product} {command line}
    uintx ProfiledCodeHeapSize                     = 0                                      {pd product} {ergonomic}
   size_t SoftMaxHeapSize                          = 4246732800                             {manageable} {ergonomic}
     intx TieredStopAtLevel                        = 1                                         {product} {command line}
     bool UseCompressedOops                        = true                           {product lp64_product} {ergonomic}
     bool UseG1GC                                  = true                                      {product} {ergonomic}
     bool UseLargePagesIndividualAllocation        = false                                  {pd product} {ergonomic}

Logging:
Log output configuration:
 #0: stdout all=warning uptime,level,tags foldmultilines=false
 #1: stderr all=off uptime,level,tags foldmultilines=false

Environment Variables:
PATH=C:\Program Files\Common Files\Oracle\Java\javapath;C:\Users\User\Desktop\WINDOWS.X64_193000_db_home\bin;C:\db_home\bin;C:\Users\User\Downloads\WINDOWS.X64_193000_db_home\bin;C:\Windows;C:\Windows\System32\Wbem;C:\Windows\System32\WindowsPowerShell\v1.0\;C:\Windows\System32\OpenSSH\;C:\Program Files (x86)\NVIDIA Corporation\PhysX\Common;C:\mingw64\bin;C:\Users\User\AppData\Local\Programs\Python\Python312;C:\Users\User\AppData\Local\Programs\Python\Python312\Scripts;C:\Program Files\Git\cmd;c:\Users\User\Desktop\CURSOR\cursor\resources\app\bin;C:\Program Files\dotnet\;C:\Program Files\Docker\Docker\resources\bin;C:\Program Files\nodejs\;C:\Windows\system32\config\systemprofile\AppData\Local\Muse Hub\lib;C:\Program Files\Java\jdk-21\bin;C:\Windows\System32;C:\Program Files\MySQL\MySQL Shell 8.0\bin\;C:\Users\User\AppData\Local\Programs\Python\Launcher\;C:\Users\User\AppData\Local\Microsoft\WindowsApps;C:\Users\User\AppData\Local\Programs\Microsoft VS Code\bin;C:\Users\User\AppData\Local\Muse Hub\lib;C:\Users\User\AppData\Local\Programs\cursor\resources\app\bin;C:\Users\User\maven\apache-maven-3.9.11\apache-maven-3.9.11-bin\bin;C:\Users\User\AppData\Roaming\npm;C:\Program Files\Java\jdk-21\bin\jpackage.exe;C:\Program Files\Java\jdk-21\bin;C:\Program Files\Redis;C:\Program Files\MySQL\MySQL Server 8.0\bin;C:\Program Files (x86)\WiX Toolset v3.14\bin;C:\Users\User\AppData\Local\GitHubDesktop\bin
USERNAME=User
OS=Windows_NT
PROCESSOR_IDENTIFIER=Intel64 Family 6 Model 158 Stepping 10, GenuineIntel
TMP=C:\Users\User\AppData\Local\Temp
TEMP=C:\Users\User\AppData\Local\Temp




Periodic native trim disabled

---------------  S Y S T E M  ---------------

OS:
 Windows 10 , 64 bit Build 19041 (10.0.19041.5915)
OS uptime: 0 days 23:31 hours
Hyper-V role detected

CPU: total 12 (initial active 12) (6 cores per cpu, 2 threads per core) family 6 model 158 stepping 10 microcode 0xf8, cx8, cmov, fxsr, ht, mmx, 3dnowpref, sse, sse2, sse3, ssse3, sse4.1, sse4.2, popcnt, lzcnt, tsc, tscinvbit, avx, avx2, aes, erms, clmul, bmi1, bmi2, rtm, adx, fma, vzeroupper, clflush, clflushopt, hv, rdtscp, f16c
Processor Information for the first 12 processors :
  Max Mhz: 2592, Current Mhz: 2592, Mhz Limit: 2592

Memory: 4k page, system-wide physical 16197M (2502M free)
TotalPageFile size 31065M (AvailPageFile size 3127M)
current process WorkingSet (physical memory assigned to process): 96M, peak: 96M
current process commit charge ("private bytes"): 394M, peak: 395M

vm_info: OpenJDK 64-Bit Server VM (24.0.1+9-30) for windows-amd64 JRE (24.0.1+9-30), built on 2025-03-05T07:23:45Z with MS VC++ 17.6 (VS2022)

END.
